c:\users\joran\source\repos\terstarboy55\balbino\bin-int\debug-win32\balbino\balbino.pch
c:\users\joran\source\repos\terstarboy55\balbino\bin-int\debug-win32\balbino\balbino.pdb
c:\users\joran\source\repos\terstarboy55\balbino\bin-int\debug-win32\balbino\balbino.idb
c:\users\joran\source\repos\terstarboy55\balbino\bin-int\debug-win32\balbino\balbinopch.obj
c:\users\joran\source\repos\terstarboy55\balbino\bin-int\debug-win32\balbino\inputmanager.obj
c:\users\joran\source\repos\terstarboy55\balbino\bin-int\debug-win32\balbino\gameobject.obj
c:\users\joran\source\repos\terstarboy55\balbino\bin-int\debug-win32\balbino\font.obj
c:\users\joran\source\repos\terstarboy55\balbino\bin-int\debug-win32\balbino\transform.obj
c:\users\joran\source\repos\terstarboy55\balbino\bin-int\debug-win32\balbino\texture2d.obj
c:\users\joran\source\repos\terstarboy55\balbino\bin-int\debug-win32\balbino\text.obj
c:\users\joran\source\repos\terstarboy55\balbino\bin-int\debug-win32\balbino\sprite.obj
c:\users\joran\source\repos\terstarboy55\balbino\bin-int\debug-win32\balbino\levelloader.obj
c:\users\joran\source\repos\terstarboy55\balbino\bin-int\debug-win32\balbino\fpsscript.obj
c:\users\joran\source\repos\terstarboy55\balbino\bin-int\debug-win32\balbino\component.obj
c:\users\joran\source\repos\terstarboy55\balbino\bin-int\debug-win32\balbino\camera.obj
c:\users\joran\source\repos\terstarboy55\balbino\bin-int\debug-win32\balbino\avatar.obj
c:\users\joran\source\repos\terstarboy55\balbino\bin-int\debug-win32\balbino\audio.obj
c:\users\joran\source\repos\terstarboy55\balbino\bin-int\debug-win32\balbino\binaryreaderwrider.obj
c:\users\joran\source\repos\terstarboy55\balbino\bin-int\debug-win32\balbino\application.obj
c:\users\joran\source\repos\terstarboy55\balbino\bin-int\debug-win32\balbino\assetbrouser.obj
c:\users\joran\source\repos\terstarboy55\balbino\bin-int\debug-win32\balbino\debug.obj
c:\users\joran\source\repos\terstarboy55\balbino\bin-int\debug-win32\balbino\collider2d.obj
c:\users\joran\source\repos\terstarboy55\balbino\bin-int\debug-win32\balbino\boxcollider2d.obj
c:\users\joran\source\repos\terstarboy55\balbino\bin-int\debug-win32\balbino\rigidbody2d.obj
c:\users\joran\source\repos\terstarboy55\balbino\bin-int\debug-win32\balbino\spriteeditor.obj
c:\users\joran\source\repos\terstarboy55\balbino\bin-int\debug-win32\balbino\time.obj
c:\users\joran\source\repos\terstarboy55\balbino\bin-int\debug-win32\balbino\struct.obj
c:\users\joran\source\repos\terstarboy55\balbino\bin-int\debug-win32\balbino\sceneobject.obj
c:\users\joran\source\repos\terstarboy55\balbino\bin-int\debug-win32\balbino\scenemanager.obj
c:\users\joran\source\repos\terstarboy55\balbino\bin-int\debug-win32\balbino\scene.obj
c:\users\joran\source\repos\terstarboy55\balbino\bin-int\debug-win32\balbino\resourcemanager.obj
c:\users\joran\source\repos\terstarboy55\balbino\bin-int\debug-win32\balbino\renderer.obj
c:\users\joran\source\repos\terstarboy55\balbino\bin-int\debug-win32\balbino\physicsworld.obj
c:\users\joran\source\repos\terstarboy55\balbino\bin-int\debug-win32\balbino\imgui_widgets.obj
c:\users\joran\source\repos\terstarboy55\balbino\bin-int\debug-win32\balbino\imgui_sdl.obj
c:\users\joran\source\repos\terstarboy55\balbino\bin-int\debug-win32\balbino\imgui_plot.obj
c:\users\joran\source\repos\terstarboy55\balbino\bin-int\debug-win32\balbino\imgui_impl_sdl.obj
c:\users\joran\source\repos\terstarboy55\balbino\bin-int\debug-win32\balbino\imgui_impl_opengl3.obj
c:\users\joran\source\repos\terstarboy55\balbino\bin-int\debug-win32\balbino\imgui_draw.obj
c:\users\joran\source\repos\terstarboy55\balbino\bin-int\debug-win32\balbino\imgui_demo.obj
c:\users\joran\source\repos\terstarboy55\balbino\bin-int\debug-win32\balbino\imgui.obj
c:\users\joran\source\repos\terstarboy55\balbino\bin-int\debug-win32\balbino\imgui_extra.obj
c:\users\joran\source\repos\terstarboy55\balbino\bin-int\debug-win32\balbino\gl3w.obj
c:\users\joran\source\repos\terstarboy55\balbino\bin\debug-win32\balbino\balbino.lib
c:\users\joran\source\repos\terstarboy55\balbino\bin-int\debug-win32\balbino\balbino.tlog\cl.command.1.tlog
c:\users\joran\source\repos\terstarboy55\balbino\bin-int\debug-win32\balbino\balbino.tlog\cl.read.1.tlog
c:\users\joran\source\repos\terstarboy55\balbino\bin-int\debug-win32\balbino\balbino.tlog\cl.write.1.tlog
c:\users\joran\source\repos\terstarboy55\balbino\bin-int\debug-win32\balbino\balbino.tlog\lib-link.read.1.tlog
c:\users\joran\source\repos\terstarboy55\balbino\bin-int\debug-win32\balbino\balbino.tlog\lib-link.write.1.tlog
c:\users\joran\source\repos\terstarboy55\balbino\bin-int\debug-win32\balbino\balbino.tlog\lib.command.1.tlog
