c:\users\joran\source\repos\terstarboy55\balbino\minigin\x64\debug\minigin.pch
c:\users\joran\source\repos\terstarboy55\balbino\minigin\x64\debug\vc142.pdb
c:\users\joran\source\repos\terstarboy55\balbino\minigin\x64\debug\vc142.idb
c:\users\joran\source\repos\terstarboy55\balbino\minigin\x64\debug\miniginpch.obj
c:\users\joran\source\repos\terstarboy55\balbino\minigin\x64\debug\transform.obj
c:\users\joran\source\repos\terstarboy55\balbino\minigin\x64\debug\time.obj
c:\users\joran\source\repos\terstarboy55\balbino\minigin\x64\debug\texture2d.obj
c:\users\joran\source\repos\terstarboy55\balbino\minigin\x64\debug\textobject.obj
c:\users\joran\source\repos\terstarboy55\balbino\minigin\x64\debug\struct.obj
c:\users\joran\source\repos\terstarboy55\balbino\minigin\x64\debug\scenemanager.obj
c:\users\joran\source\repos\terstarboy55\balbino\minigin\x64\debug\scene.obj
c:\users\joran\source\repos\terstarboy55\balbino\minigin\x64\debug\resourcemanager.obj
c:\users\joran\source\repos\terstarboy55\balbino\minigin\x64\debug\renderer.obj
c:\users\joran\source\repos\terstarboy55\balbino\minigin\x64\debug\main.obj
c:\users\joran\source\repos\terstarboy55\balbino\minigin\x64\debug\inputmanager.obj
c:\users\joran\source\repos\terstarboy55\balbino\minigin\x64\debug\gameobject.obj
c:\users\joran\source\repos\terstarboy55\balbino\minigin\x64\debug\fpscounter.obj
c:\users\joran\source\repos\terstarboy55\balbino\minigin\x64\debug\font.obj
c:\users\joran\source\repos\terstarboy55\balbino\minigin\x64\debug\minigin.obj
c:\users\joran\source\repos\terstarboy55\balbino\minigin\x64\debug\text.obj
c:\users\joran\source\repos\terstarboy55\balbino\minigin\x64\debug\daelogo.obj
c:\users\joran\source\repos\terstarboy55\balbino\x64\debug\minigin.exe
c:\users\joran\source\repos\terstarboy55\balbino\x64\debug\minigin.ilk
c:\users\joran\source\repos\terstarboy55\balbino\x64\debug\minigin.pdb
c:\users\joran\source\repos\terstarboy55\balbino\x64\debug\minigin.lib
c:\users\joran\source\repos\terstarboy55\balbino\x64\debug\minigin.exp
c:\users\joran\source\repos\terstarboy55\balbino\minigin\x64\debug\minigin.tlog\cl.command.1.tlog
c:\users\joran\source\repos\terstarboy55\balbino\minigin\x64\debug\minigin.tlog\cl.read.1.tlog
c:\users\joran\source\repos\terstarboy55\balbino\minigin\x64\debug\minigin.tlog\cl.write.1.tlog
c:\users\joran\source\repos\terstarboy55\balbino\minigin\x64\debug\minigin.tlog\link.command.1.tlog
c:\users\joran\source\repos\terstarboy55\balbino\minigin\x64\debug\minigin.tlog\link.read.1.tlog
c:\users\joran\source\repos\terstarboy55\balbino\minigin\x64\debug\minigin.tlog\link.write.1.tlog
c:\users\joran\source\repos\terstarboy55\balbino\minigin\x64\debug\minigin.tlog\minigin.write.1u.tlog
