c:\users\joran\source\repos\terstarboy55\balbino\bin\release-x64\balbino\balbino.lib
c:\users\joran\source\repos\terstarboy55\balbino\bin\release-x64\balbino\balbino.exp
c:\users\joran\source\repos\terstarboy55\balbino\bin\release-x64\balbino\balbino.ipdb
c:\users\joran\source\repos\terstarboy55\balbino\bin\release-x64\balbino\balbino.iobj
c:\users\joran\source\repos\terstarboy55\balbino\bin-int\release-x64\balbino\balbino.pch
c:\users\joran\source\repos\terstarboy55\balbino\bin-int\release-x64\balbino\vc142.pdb
c:\users\joran\source\repos\terstarboy55\balbino\bin-int\release-x64\balbino\balbinopch.obj
c:\users\joran\source\repos\terstarboy55\balbino\bin-int\release-x64\balbino\transform.obj
c:\users\joran\source\repos\terstarboy55\balbino\bin-int\release-x64\balbino\time.obj
c:\users\joran\source\repos\terstarboy55\balbino\bin-int\release-x64\balbino\texture2d.obj
c:\users\joran\source\repos\terstarboy55\balbino\bin-int\release-x64\balbino\text.obj
c:\users\joran\source\repos\terstarboy55\balbino\bin-int\release-x64\balbino\struct.obj
c:\users\joran\source\repos\terstarboy55\balbino\bin-int\release-x64\balbino\sceneobject.obj
c:\users\joran\source\repos\terstarboy55\balbino\bin-int\release-x64\balbino\scenemanager.obj
c:\users\joran\source\repos\terstarboy55\balbino\bin-int\release-x64\balbino\scene.obj
c:\users\joran\source\repos\terstarboy55\balbino\bin-int\release-x64\balbino\resourcemanager.obj
c:\users\joran\source\repos\terstarboy55\balbino\bin-int\release-x64\balbino\renderer.obj
c:\users\joran\source\repos\terstarboy55\balbino\bin-int\release-x64\balbino\inputmanager.obj
c:\users\joran\source\repos\terstarboy55\balbino\bin-int\release-x64\balbino\font.obj
c:\users\joran\source\repos\terstarboy55\balbino\bin-int\release-x64\balbino\application.obj
c:\users\joran\source\repos\terstarboy55\balbino\bin-int\release-x64\balbino\avatar.obj
c:\users\joran\source\repos\terstarboy55\balbino\bin-int\release-x64\balbino\gameobject.obj
c:\users\joran\source\repos\terstarboy55\balbino\bin-int\release-x64\balbino\component.obj
c:\users\joran\source\repos\terstarboy55\balbino\bin-int\release-x64\balbino\fpsscript.obj
c:\users\joran\source\repos\terstarboy55\balbino\bin\release-x64\balbino\balbino.dll
c:\users\joran\source\repos\terstarboy55\balbino\bin\release-x64\balbino\balbino.pdb
c:\users\joran\source\repos\terstarboy55\balbino\bin-int\release-x64\balbino\balbino.tlog\balbino.write.1u.tlog
c:\users\joran\source\repos\terstarboy55\balbino\bin-int\release-x64\balbino\balbino.tlog\cl.command.1.tlog
c:\users\joran\source\repos\terstarboy55\balbino\bin-int\release-x64\balbino\balbino.tlog\cl.read.1.tlog
c:\users\joran\source\repos\terstarboy55\balbino\bin-int\release-x64\balbino\balbino.tlog\cl.write.1.tlog
c:\users\joran\source\repos\terstarboy55\balbino\bin-int\release-x64\balbino\balbino.tlog\link.command.1.tlog
c:\users\joran\source\repos\terstarboy55\balbino\bin-int\release-x64\balbino\balbino.tlog\link.read.1.tlog
c:\users\joran\source\repos\terstarboy55\balbino\bin-int\release-x64\balbino\balbino.tlog\link.write.1.tlog
