  pch.cpp
  main.cpp
Balbino.lib(b2_world_callbacks.obj) : warning LNK4204: 'C:\Users\joran\Source\Repos\TerSTARboy55\Balbino\bin\Debug-Win32\BubbleBobble\box2d.pdb' is missing debugging information for referencing module; linking object as if no debug info
Balbino.lib(b2_world.obj) : warning LNK4204: 'C:\Users\joran\Source\Repos\TerSTARboy55\Balbino\bin\Debug-Win32\BubbleBobble\box2d.pdb' is missing debugging information for referencing module; linking object as if no debug info
Balbino.lib(b2_wheel_joint.obj) : warning LNK4204: 'C:\Users\joran\Source\Repos\TerSTARboy55\Balbino\bin\Debug-Win32\BubbleBobble\box2d.pdb' is missing debugging information for referencing module; linking object as if no debug info
Balbino.lib(b2_weld_joint.obj) : warning LNK4204: 'C:\Users\joran\Source\Repos\TerSTARboy55\Balbino\bin\Debug-Win32\BubbleBobble\box2d.pdb' is missing debugging information for referencing module; linking object as if no debug info
Balbino.lib(b2_rope_joint.obj) : warning LNK4204: 'C:\Users\joran\Source\Repos\TerSTARboy55\Balbino\bin\Debug-Win32\BubbleBobble\box2d.pdb' is missing debugging information for referencing module; linking object as if no debug info
Balbino.lib(b2_revolute_joint.obj) : warning LNK4204: 'C:\Users\joran\Source\Repos\TerSTARboy55\Balbino\bin\Debug-Win32\BubbleBobble\box2d.pdb' is missing debugging information for referencing module; linking object as if no debug info
Balbino.lib(b2_pulley_joint.obj) : warning LNK4204: 'C:\Users\joran\Source\Repos\TerSTARboy55\Balbino\bin\Debug-Win32\BubbleBobble\box2d.pdb' is missing debugging information for referencing module; linking object as if no debug info
Balbino.lib(b2_prismatic_joint.obj) : warning LNK4204: 'C:\Users\joran\Source\Repos\TerSTARboy55\Balbino\bin\Debug-Win32\BubbleBobble\box2d.pdb' is missing debugging information for referencing module; linking object as if no debug info
Balbino.lib(b2_polygon_contact.obj) : warning LNK4204: 'C:\Users\joran\Source\Repos\TerSTARboy55\Balbino\bin\Debug-Win32\BubbleBobble\box2d.pdb' is missing debugging information for referencing module; linking object as if no debug info
Balbino.lib(b2_polygon_circle_contact.obj) : warning LNK4204: 'C:\Users\joran\Source\Repos\TerSTARboy55\Balbino\bin\Debug-Win32\BubbleBobble\box2d.pdb' is missing debugging information for referencing module; linking object as if no debug info
Balbino.lib(b2_mouse_joint.obj) : warning LNK4204: 'C:\Users\joran\Source\Repos\TerSTARboy55\Balbino\bin\Debug-Win32\BubbleBobble\box2d.pdb' is missing debugging information for referencing module; linking object as if no debug info
Balbino.lib(b2_motor_joint.obj) : warning LNK4204: 'C:\Users\joran\Source\Repos\TerSTARboy55\Balbino\bin\Debug-Win32\BubbleBobble\box2d.pdb' is missing debugging information for referencing module; linking object as if no debug info
Balbino.lib(b2_joint.obj) : warning LNK4204: 'C:\Users\joran\Source\Repos\TerSTARboy55\Balbino\bin\Debug-Win32\BubbleBobble\box2d.pdb' is missing debugging information for referencing module; linking object as if no debug info
Balbino.lib(b2_island.obj) : warning LNK4204: 'C:\Users\joran\Source\Repos\TerSTARboy55\Balbino\bin\Debug-Win32\BubbleBobble\box2d.pdb' is missing debugging information for referencing module; linking object as if no debug info
Balbino.lib(b2_gear_joint.obj) : warning LNK4204: 'C:\Users\joran\Source\Repos\TerSTARboy55\Balbino\bin\Debug-Win32\BubbleBobble\box2d.pdb' is missing debugging information for referencing module; linking object as if no debug info
Balbino.lib(b2_friction_joint.obj) : warning LNK4204: 'C:\Users\joran\Source\Repos\TerSTARboy55\Balbino\bin\Debug-Win32\BubbleBobble\box2d.pdb' is missing debugging information for referencing module; linking object as if no debug info
Balbino.lib(b2_fixture.obj) : warning LNK4204: 'C:\Users\joran\Source\Repos\TerSTARboy55\Balbino\bin\Debug-Win32\BubbleBobble\box2d.pdb' is missing debugging information for referencing module; linking object as if no debug info
Balbino.lib(b2_edge_polygon_contact.obj) : warning LNK4204: 'C:\Users\joran\Source\Repos\TerSTARboy55\Balbino\bin\Debug-Win32\BubbleBobble\box2d.pdb' is missing debugging information for referencing module; linking object as if no debug info
Balbino.lib(b2_edge_circle_contact.obj) : warning LNK4204: 'C:\Users\joran\Source\Repos\TerSTARboy55\Balbino\bin\Debug-Win32\BubbleBobble\box2d.pdb' is missing debugging information for referencing module; linking object as if no debug info
Balbino.lib(b2_distance_joint.obj) : warning LNK4204: 'C:\Users\joran\Source\Repos\TerSTARboy55\Balbino\bin\Debug-Win32\BubbleBobble\box2d.pdb' is missing debugging information for referencing module; linking object as if no debug info
Balbino.lib(b2_contact_solver.obj) : warning LNK4204: 'C:\Users\joran\Source\Repos\TerSTARboy55\Balbino\bin\Debug-Win32\BubbleBobble\box2d.pdb' is missing debugging information for referencing module; linking object as if no debug info
Balbino.lib(b2_contact_manager.obj) : warning LNK4204: 'C:\Users\joran\Source\Repos\TerSTARboy55\Balbino\bin\Debug-Win32\BubbleBobble\box2d.pdb' is missing debugging information for referencing module; linking object as if no debug info
Balbino.lib(b2_contact.obj) : warning LNK4204: 'C:\Users\joran\Source\Repos\TerSTARboy55\Balbino\bin\Debug-Win32\BubbleBobble\box2d.pdb' is missing debugging information for referencing module; linking object as if no debug info
Balbino.lib(b2_circle_contact.obj) : warning LNK4204: 'C:\Users\joran\Source\Repos\TerSTARboy55\Balbino\bin\Debug-Win32\BubbleBobble\box2d.pdb' is missing debugging information for referencing module; linking object as if no debug info
Balbino.lib(b2_chain_polygon_contact.obj) : warning LNK4204: 'C:\Users\joran\Source\Repos\TerSTARboy55\Balbino\bin\Debug-Win32\BubbleBobble\box2d.pdb' is missing debugging information for referencing module; linking object as if no debug info
Balbino.lib(b2_chain_circle_contact.obj) : warning LNK4204: 'C:\Users\joran\Source\Repos\TerSTARboy55\Balbino\bin\Debug-Win32\BubbleBobble\box2d.pdb' is missing debugging information for referencing module; linking object as if no debug info
Balbino.lib(b2_body.obj) : warning LNK4204: 'C:\Users\joran\Source\Repos\TerSTARboy55\Balbino\bin\Debug-Win32\BubbleBobble\box2d.pdb' is missing debugging information for referencing module; linking object as if no debug info
Balbino.lib(b2_timer.obj) : warning LNK4204: 'C:\Users\joran\Source\Repos\TerSTARboy55\Balbino\bin\Debug-Win32\BubbleBobble\box2d.pdb' is missing debugging information for referencing module; linking object as if no debug info
Balbino.lib(b2_stack_allocator.obj) : warning LNK4204: 'C:\Users\joran\Source\Repos\TerSTARboy55\Balbino\bin\Debug-Win32\BubbleBobble\box2d.pdb' is missing debugging information for referencing module; linking object as if no debug info
Balbino.lib(b2_settings.obj) : warning LNK4204: 'C:\Users\joran\Source\Repos\TerSTARboy55\Balbino\bin\Debug-Win32\BubbleBobble\box2d.pdb' is missing debugging information for referencing module; linking object as if no debug info
Balbino.lib(b2_math.obj) : warning LNK4204: 'C:\Users\joran\Source\Repos\TerSTARboy55\Balbino\bin\Debug-Win32\BubbleBobble\box2d.pdb' is missing debugging information for referencing module; linking object as if no debug info
Balbino.lib(b2_draw.obj) : warning LNK4204: 'C:\Users\joran\Source\Repos\TerSTARboy55\Balbino\bin\Debug-Win32\BubbleBobble\box2d.pdb' is missing debugging information for referencing module; linking object as if no debug info
Balbino.lib(b2_block_allocator.obj) : warning LNK4204: 'C:\Users\joran\Source\Repos\TerSTARboy55\Balbino\bin\Debug-Win32\BubbleBobble\box2d.pdb' is missing debugging information for referencing module; linking object as if no debug info
Balbino.lib(b2_time_of_impact.obj) : warning LNK4204: 'C:\Users\joran\Source\Repos\TerSTARboy55\Balbino\bin\Debug-Win32\BubbleBobble\box2d.pdb' is missing debugging information for referencing module; linking object as if no debug info
Balbino.lib(b2_polygon_shape.obj) : warning LNK4204: 'C:\Users\joran\Source\Repos\TerSTARboy55\Balbino\bin\Debug-Win32\BubbleBobble\box2d.pdb' is missing debugging information for referencing module; linking object as if no debug info
Balbino.lib(b2_edge_shape.obj) : warning LNK4204: 'C:\Users\joran\Source\Repos\TerSTARboy55\Balbino\bin\Debug-Win32\BubbleBobble\box2d.pdb' is missing debugging information for referencing module; linking object as if no debug info
Balbino.lib(b2_dynamic_tree.obj) : warning LNK4204: 'C:\Users\joran\Source\Repos\TerSTARboy55\Balbino\bin\Debug-Win32\BubbleBobble\box2d.pdb' is missing debugging information for referencing module; linking object as if no debug info
Balbino.lib(b2_distance.obj) : warning LNK4204: 'C:\Users\joran\Source\Repos\TerSTARboy55\Balbino\bin\Debug-Win32\BubbleBobble\box2d.pdb' is missing debugging information for referencing module; linking object as if no debug info
Balbino.lib(b2_collision.obj) : warning LNK4204: 'C:\Users\joran\Source\Repos\TerSTARboy55\Balbino\bin\Debug-Win32\BubbleBobble\box2d.pdb' is missing debugging information for referencing module; linking object as if no debug info
Balbino.lib(b2_collide_polygon.obj) : warning LNK4204: 'C:\Users\joran\Source\Repos\TerSTARboy55\Balbino\bin\Debug-Win32\BubbleBobble\box2d.pdb' is missing debugging information for referencing module; linking object as if no debug info
Balbino.lib(b2_collide_edge.obj) : warning LNK4204: 'C:\Users\joran\Source\Repos\TerSTARboy55\Balbino\bin\Debug-Win32\BubbleBobble\box2d.pdb' is missing debugging information for referencing module; linking object as if no debug info
Balbino.lib(b2_collide_circle.obj) : warning LNK4204: 'C:\Users\joran\Source\Repos\TerSTARboy55\Balbino\bin\Debug-Win32\BubbleBobble\box2d.pdb' is missing debugging information for referencing module; linking object as if no debug info
Balbino.lib(b2_chain_shape.obj) : warning LNK4204: 'C:\Users\joran\Source\Repos\TerSTARboy55\Balbino\bin\Debug-Win32\BubbleBobble\box2d.pdb' is missing debugging information for referencing module; linking object as if no debug info
Balbino.lib(b2_broad_phase.obj) : warning LNK4204: 'C:\Users\joran\Source\Repos\TerSTARboy55\Balbino\bin\Debug-Win32\BubbleBobble\box2d.pdb' is missing debugging information for referencing module; linking object as if no debug info
  BubbleBobble.vcxproj -> C:\Users\joran\Source\Repos\TerSTARboy55\Balbino\bin\Debug-Win32\BubbleBobble\BubbleBobble.exe
  0 File(s) copied
  0 File(s) copied
  0 File(s) copied
  0 File(s) copied
