c:\users\joran\source\repos\terstarboy55\balbino\balbino\x64\debug\balbino.pch
c:\users\joran\source\repos\terstarboy55\balbino\balbino\x64\debug\vc142.pdb
c:\users\joran\source\repos\terstarboy55\balbino\balbino\x64\debug\vc142.idb
c:\users\joran\source\repos\terstarboy55\balbino\balbino\x64\debug\balbinopch.obj
c:\users\joran\source\repos\terstarboy55\balbino\balbino\x64\debug\transform.obj
c:\users\joran\source\repos\terstarboy55\balbino\balbino\x64\debug\time.obj
c:\users\joran\source\repos\terstarboy55\balbino\balbino\x64\debug\texture2d.obj
c:\users\joran\source\repos\terstarboy55\balbino\balbino\x64\debug\text.obj
c:\users\joran\source\repos\terstarboy55\balbino\balbino\x64\debug\struct.obj
c:\users\joran\source\repos\terstarboy55\balbino\balbino\x64\debug\scenemanager.obj
c:\users\joran\source\repos\terstarboy55\balbino\balbino\x64\debug\scene.obj
c:\users\joran\source\repos\terstarboy55\balbino\balbino\x64\debug\resourcemanager.obj
c:\users\joran\source\repos\terstarboy55\balbino\balbino\x64\debug\renderer.obj
c:\users\joran\source\repos\terstarboy55\balbino\balbino\x64\debug\main.obj
c:\users\joran\source\repos\terstarboy55\balbino\balbino\x64\debug\introtext.obj
c:\users\joran\source\repos\terstarboy55\balbino\balbino\x64\debug\inputmanager.obj
c:\users\joran\source\repos\terstarboy55\balbino\balbino\x64\debug\background.obj
c:\users\joran\source\repos\terstarboy55\balbino\balbino\x64\debug\fpscounter.obj
c:\users\joran\source\repos\terstarboy55\balbino\balbino\x64\debug\font.obj
c:\users\joran\source\repos\terstarboy55\balbino\balbino\x64\debug\debug.obj
c:\users\joran\source\repos\terstarboy55\balbino\balbino\x64\debug\daelogo.obj
c:\users\joran\source\repos\terstarboy55\balbino\balbino\x64\debug\avatar.obj
c:\users\joran\source\repos\terstarboy55\balbino\balbino\x64\debug\balbino.tlog\cl.command.1.tlog
c:\users\joran\source\repos\terstarboy55\balbino\balbino\x64\debug\balbino.tlog\cl.read.1.tlog
c:\users\joran\source\repos\terstarboy55\balbino\balbino\x64\debug\balbino.tlog\cl.write.1.tlog
