  BalbinoPCH.cpp
  Avatar.cpp
  Balbino.cpp
  DAELogo.cpp
  Debug.cpp
  Font.cpp
  FPSCounter.cpp
  Background.cpp
  InputManager.cpp
  IntroText.cpp
  Main.cpp
  Renderer.cpp
  ResourceManager.cpp
  Scene.cpp
  SceneManager.cpp
  Struct.cpp
  Text.cpp
  Texture2D.cpp
  Time.cpp
  Transform.cpp
  Generating Code...
     Creating library C:\Users\joran\Source\Repos\TerSTARboy55\Balbino\x64\Debug\Balbino.lib and object C:\Users\joran\Source\Repos\TerSTARboy55\Balbino\x64\Debug\Balbino.exp
  Balbino.vcxproj -> C:\Users\joran\Source\Repos\TerSTARboy55\Balbino\x64\Debug\Balbino.exe
  C:\Users\joran\Source\Repos\TerSTARboy55\Balbino\3rdParty\SDL2\lib\x64\SDL2.dll
  1 File(s) copied
  C:\Users\joran\Source\Repos\TerSTARboy55\Balbino\3rdParty\SDL2_image\lib\x64\libjpeg-9.dll
  C:\Users\joran\Source\Repos\TerSTARboy55\Balbino\3rdParty\SDL2_image\lib\x64\libpng16-16.dll
  C:\Users\joran\Source\Repos\TerSTARboy55\Balbino\3rdParty\SDL2_image\lib\x64\libtiff-5.dll
  C:\Users\joran\Source\Repos\TerSTARboy55\Balbino\3rdParty\SDL2_image\lib\x64\libwebp-7.dll
  C:\Users\joran\Source\Repos\TerSTARboy55\Balbino\3rdParty\SDL2_image\lib\x64\SDL2_image.dll
  C:\Users\joran\Source\Repos\TerSTARboy55\Balbino\3rdParty\SDL2_image\lib\x64\zlib1.dll
  6 File(s) copied
  C:\Users\joran\Source\Repos\TerSTARboy55\Balbino\3rdParty\SDL2_ttf\lib\x64\libfreetype-6.dll
  C:\Users\joran\Source\Repos\TerSTARboy55\Balbino\3rdParty\SDL2_ttf\lib\x64\SDL2_ttf.dll
  2 File(s) copied
